SF:lib/services/api_service.dart
DA:8,1
DA:9,2
DA:12,2
DA:13,3
DA:15,4
DA:16,4
DA:18,0
DA:19,0
LF:8
LH:6
end_of_record
SF:lib/models/motel.dart
DA:9,1
DA:18,1
DA:19,1
DA:20,4
DA:22,1
DA:23,1
DA:24,1
DA:25,1
DA:26,1
DA:27,1
DA:42,1
DA:52,1
DA:53,1
DA:54,1
DA:55,1
DA:56,1
DA:58,4
DA:59,4
DA:60,4
DA:61,4
DA:63,1
DA:64,1
DA:65,1
DA:66,1
DA:78,1
DA:80,1
DA:81,1
DA:82,1
DA:91,1
DA:93,1
DA:94,1
DA:95,1
DA:96,1
DA:109,1
DA:118,1
DA:119,1
DA:120,1
DA:121,1
DA:122,1
DA:123,1
DA:124,1
DA:125,3
DA:133,1
DA:135,1
DA:136,1
DA:137,1
LF:46
LH:46
end_of_record
